{"/Users/vince/Desktop/ Glovo 1/backend/src/server.js": {"path":"/Users/vince/Desktop/ Glovo 1/backend/src/server.js","statementMap":{"0":{"start":{"line":1,"column":16},"end":{"line":1,"column":34}},"1":{"start":{"line":2,"column":22},"end":{"line":2,"column":51}},"2":{"start":{"line":3,"column":13},"end":{"line":3,"column":28}},"3":{"start":{"line":4,"column":15},"end":{"line":4,"column":32}},"4":{"start":{"line":5,"column":0},"end":{"line":5,"column":16}},"5":{"start":{"line":6,"column":12},"end":{"line":6,"column":21}},"6":{"start":{"line":8,"column":26},"end":{"line":8,"column":68}},"7":{"start":{"line":9,"column":22},"end":{"line":9,"column":55}},"8":{"start":{"line":10,"column":19},"end":{"line":10,"column":49}},"9":{"start":{"line":11,"column":19},"end":{"line":11,"column":43}},"10":{"start":{"line":13,"column":0},"end":{"line":13,"column":16}},"11":{"start":{"line":14,"column":0},"end":{"line":14,"column":24}},"12":{"start":{"line":15,"column":0},"end":{"line":15,"column":27}},"13":{"start":{"line":16,"column":0},"end":{"line":16,"column":23}},"14":{"start":{"line":17,"column":0},"end":{"line":17,"column":30}},"15":{"start":{"line":18,"column":0},"end":{"line":18,"column":20}},"16":{"start":{"line":20,"column":0},"end":{"line":26,"column":1}},"17":{"start":{"line":21,"column":2},"end":{"line":25,"column":5}},"18":{"start":{"line":22,"column":4},"end":{"line":24,"column":5}},"19":{"start":{"line":23,"column":6},"end":{"line":23,"column":25}},"20":{"start":{"line":28,"column":0},"end":{"line":28,"column":18}}},"fnMap":{"0":{"name":"(anonymous_0)","decl":{"start":{"line":21,"column":19},"end":{"line":21,"column":20}},"loc":{"start":{"line":21,"column":36},"end":{"line":25,"column":3}},"line":21}},"branchMap":{"0":{"loc":{"start":{"line":20,"column":0},"end":{"line":26,"column":1}},"type":"if","locations":[{"start":{"line":20,"column":0},"end":{"line":26,"column":1}},{"start":{},"end":{}}],"line":20},"1":{"loc":{"start":{"line":22,"column":4},"end":{"line":24,"column":5}},"type":"if","locations":[{"start":{"line":22,"column":4},"end":{"line":24,"column":5}},{"start":{},"end":{}}],"line":22}},"s":{"0":1,"1":1,"2":1,"3":1,"4":1,"5":1,"6":1,"7":1,"8":1,"9":1,"10":1,"11":1,"12":1,"13":1,"14":1,"15":1,"16":1,"17":0,"18":0,"19":0,"20":1},"f":{"0":0},"b":{"0":[0,1],"1":[0,0]},"_coverageSchema":"1a1c01bbd47fc00a2c39e90264f33305004495a9","hash":"14b575fb6cb5318bf8cb13a6e1a89fef02e944eb"}
,"/Users/vince/Desktop/ Glovo 1/backend/src/utils.js": {"path":"/Users/vince/Desktop/ Glovo 1/backend/src/utils.js","statementMap":{"0":{"start":{"line":1,"column":15},"end":{"line":1,"column":34}},"1":{"start":{"line":3,"column":21},"end":{"line":6,"column":1}},"2":{"start":{"line":4,"column":17},"end":{"line":4,"column":45}},"3":{"start":{"line":5,"column":2},"end":{"line":5,"column":16}},"4":{"start":{"line":8,"column":0},"end":{"line":10,"column":2}}},"fnMap":{"0":{"name":"(anonymous_0)","decl":{"start":{"line":3,"column":21},"end":{"line":3,"column":22}},"loc":{"start":{"line":3,"column":38},"end":{"line":6,"column":1}},"line":3}},"branchMap":{},"s":{"0":1,"1":1,"2":0,"3":0,"4":1},"f":{"0":0},"b":{},"_coverageSchema":"1a1c01bbd47fc00a2c39e90264f33305004495a9","hash":"710d0670e10633579f4228b43f87c3fb2b9fb41e"}
,"/Users/vince/Desktop/ Glovo 1/backend/src/controller/productController.js": {"path":"/Users/vince/Desktop/ Glovo 1/backend/src/controller/productController.js","statementMap":{"0":{"start":{"line":1,"column":16},"end":{"line":1,"column":50}},"1":{"start":{"line":5,"column":0},"end":{"line":12,"column":2}},"2":{"start":{"line":6,"column":2},"end":{"line":11,"column":3}},"3":{"start":{"line":7,"column":21},"end":{"line":7,"column":41}},"4":{"start":{"line":8,"column":4},"end":{"line":8,"column":23}},"5":{"start":{"line":10,"column":4},"end":{"line":10,"column":64}},"6":{"start":{"line":16,"column":0},"end":{"line":28,"column":2}},"7":{"start":{"line":17,"column":20},"end":{"line":17,"column":33}},"8":{"start":{"line":18,"column":2},"end":{"line":27,"column":3}},"9":{"start":{"line":19,"column":20},"end":{"line":19,"column":53}},"10":{"start":{"line":20,"column":4},"end":{"line":24,"column":5}},"11":{"start":{"line":21,"column":6},"end":{"line":21,"column":24}},"12":{"start":{"line":23,"column":6},"end":{"line":23,"column":59}},"13":{"start":{"line":26,"column":4},"end":{"line":26,"column":61}},"14":{"start":{"line":32,"column":0},"end":{"line":59,"column":2}},"15":{"start":{"line":33,"column":2},"end":{"line":33,"column":35}},"16":{"start":{"line":34,"column":2},"end":{"line":34,"column":24}},"17":{"start":{"line":35,"column":2},"end":{"line":58,"column":3}},"18":{"start":{"line":43,"column":8},"end":{"line":43,"column":16}},"19":{"start":{"line":44,"column":4},"end":{"line":53,"column":5}},"20":{"start":{"line":52,"column":6},"end":{"line":52,"column":72}},"21":{"start":{"line":54,"column":23},"end":{"line":54,"column":53}},"22":{"start":{"line":55,"column":4},"end":{"line":55,"column":37}},"23":{"start":{"line":57,"column":4},"end":{"line":57,"column":60}},"24":{"start":{"line":63,"column":0},"end":{"line":78,"column":2}},"25":{"start":{"line":64,"column":20},"end":{"line":64,"column":33}},"26":{"start":{"line":65,"column":17},"end":{"line":65,"column":25}},"27":{"start":{"line":66,"column":2},"end":{"line":77,"column":3}},"28":{"start":{"line":67,"column":27},"end":{"line":69,"column":6}},"29":{"start":{"line":70,"column":4},"end":{"line":74,"column":5}},"30":{"start":{"line":71,"column":6},"end":{"line":71,"column":77}},"31":{"start":{"line":73,"column":6},"end":{"line":73,"column":59}},"32":{"start":{"line":76,"column":4},"end":{"line":76,"column":61}},"33":{"start":{"line":82,"column":0},"end":{"line":94,"column":2}},"34":{"start":{"line":83,"column":20},"end":{"line":83,"column":33}},"35":{"start":{"line":84,"column":2},"end":{"line":93,"column":3}},"36":{"start":{"line":85,"column":27},"end":{"line":85,"column":69}},"37":{"start":{"line":86,"column":4},"end":{"line":90,"column":5}},"38":{"start":{"line":87,"column":6},"end":{"line":87,"column":76}},"39":{"start":{"line":89,"column":6},"end":{"line":89,"column":59}},"40":{"start":{"line":92,"column":4},"end":{"line":92,"column":61}},"41":{"start":{"line":96,"column":0},"end":{"line":104,"column":2}},"42":{"start":{"line":97,"column":24},"end":{"line":97,"column":48}},"43":{"start":{"line":98,"column":2},"end":{"line":103,"column":3}},"44":{"start":{"line":99,"column":22},"end":{"line":99,"column":72}},"45":{"start":{"line":100,"column":4},"end":{"line":100,"column":24}},"46":{"start":{"line":102,"column":4},"end":{"line":102,"column":61}}},"fnMap":{"0":{"name":"(anonymous_0)","decl":{"start":{"line":5,"column":22},"end":{"line":5,"column":23}},"loc":{"start":{"line":5,"column":42},"end":{"line":12,"column":1}},"line":5},"1":{"name":"(anonymous_1)","decl":{"start":{"line":16,"column":25},"end":{"line":16,"column":26}},"loc":{"start":{"line":16,"column":45},"end":{"line":28,"column":1}},"line":16},"2":{"name":"(anonymous_2)","decl":{"start":{"line":32,"column":24},"end":{"line":32,"column":25}},"loc":{"start":{"line":32,"column":44},"end":{"line":59,"column":1}},"line":32},"3":{"name":"(anonymous_3)","decl":{"start":{"line":63,"column":24},"end":{"line":63,"column":25}},"loc":{"start":{"line":63,"column":44},"end":{"line":78,"column":1}},"line":63},"4":{"name":"(anonymous_4)","decl":{"start":{"line":82,"column":24},"end":{"line":82,"column":25}},"loc":{"start":{"line":82,"column":44},"end":{"line":94,"column":1}},"line":82},"5":{"name":"(anonymous_5)","decl":{"start":{"line":96,"column":36},"end":{"line":96,"column":37}},"loc":{"start":{"line":96,"column":56},"end":{"line":104,"column":1}},"line":96}},"branchMap":{"0":{"loc":{"start":{"line":20,"column":4},"end":{"line":24,"column":5}},"type":"if","locations":[{"start":{"line":20,"column":4},"end":{"line":24,"column":5}},{"start":{"line":22,"column":11},"end":{"line":24,"column":5}}],"line":20},"1":{"loc":{"start":{"line":44,"column":4},"end":{"line":53,"column":5}},"type":"if","locations":[{"start":{"line":44,"column":4},"end":{"line":53,"column":5}},{"start":{},"end":{}}],"line":44},"2":{"loc":{"start":{"line":45,"column":6},"end":{"line":50,"column":19}},"type":"binary-expr","locations":[{"start":{"line":45,"column":6},"end":{"line":45,"column":13}},{"start":{"line":46,"column":6},"end":{"line":46,"column":18}},{"start":{"line":47,"column":6},"end":{"line":47,"column":13}},{"start":{"line":48,"column":6},"end":{"line":48,"column":16}},{"start":{"line":49,"column":6},"end":{"line":49,"column":21}},{"start":{"line":50,"column":6},"end":{"line":50,"column":19}}],"line":45},"3":{"loc":{"start":{"line":70,"column":4},"end":{"line":74,"column":5}},"type":"if","locations":[{"start":{"line":70,"column":4},"end":{"line":74,"column":5}},{"start":{"line":72,"column":11},"end":{"line":74,"column":5}}],"line":70},"4":{"loc":{"start":{"line":86,"column":4},"end":{"line":90,"column":5}},"type":"if","locations":[{"start":{"line":86,"column":4},"end":{"line":90,"column":5}},{"start":{"line":88,"column":11},"end":{"line":90,"column":5}}],"line":86}},"s":{"0":1,"1":1,"2":0,"3":0,"4":0,"5":0,"6":1,"7":0,"8":0,"9":0,"10":0,"11":0,"12":0,"13":0,"14":1,"15":0,"16":0,"17":0,"18":0,"19":0,"20":0,"21":0,"22":0,"23":0,"24":1,"25":0,"26":0,"27":0,"28":0,"29":0,"30":0,"31":0,"32":0,"33":1,"34":0,"35":0,"36":0,"37":0,"38":0,"39":0,"40":0,"41":1,"42":0,"43":0,"44":0,"45":0,"46":0},"f":{"0":0,"1":0,"2":0,"3":0,"4":0,"5":0},"b":{"0":[0,0],"1":[0,0],"2":[0,0,0,0,0,0],"3":[0,0],"4":[0,0]},"_coverageSchema":"1a1c01bbd47fc00a2c39e90264f33305004495a9","hash":"cf673a2eae998a375dc487a9067635993c88e8c6"}
,"/Users/vince/Desktop/ Glovo 1/backend/src/controller/restauranteController.js": {"path":"/Users/vince/Desktop/ Glovo 1/backend/src/controller/restauranteController.js","statementMap":{"0":{"start":{"line":1,"column":20},"end":{"line":1,"column":58}},"1":{"start":{"line":2,"column":15},"end":{"line":2,"column":34}},"2":{"start":{"line":3,"column":25},"end":{"line":3,"column":44}},"3":{"start":{"line":5,"column":0},"end":{"line":42,"column":2}},"4":{"start":{"line":6,"column":2},"end":{"line":41,"column":3}},"5":{"start":{"line":7,"column":32},"end":{"line":7,"column":40}},"6":{"start":{"line":8,"column":4},"end":{"line":11,"column":5}},"7":{"start":{"line":9,"column":6},"end":{"line":9,"column":67}},"8":{"start":{"line":10,"column":6},"end":{"line":10,"column":13}},"9":{"start":{"line":12,"column":23},"end":{"line":12,"column":54}},"10":{"start":{"line":13,"column":4},"end":{"line":17,"column":5}},"11":{"start":{"line":14,"column":6},"end":{"line":14,"column":37}},"12":{"start":{"line":15,"column":6},"end":{"line":15,"column":74}},"13":{"start":{"line":16,"column":6},"end":{"line":16,"column":13}},"14":{"start":{"line":18,"column":26},"end":{"line":18,"column":63}},"15":{"start":{"line":19,"column":4},"end":{"line":25,"column":5}},"16":{"start":{"line":20,"column":6},"end":{"line":23,"column":9}},"17":{"start":{"line":24,"column":6},"end":{"line":24,"column":13}},"18":{"start":{"line":26,"column":29},"end":{"line":26,"column":65}},"19":{"start":{"line":27,"column":4},"end":{"line":30,"column":5}},"20":{"start":{"line":28,"column":6},"end":{"line":28,"column":64}},"21":{"start":{"line":29,"column":6},"end":{"line":29,"column":13}},"22":{"start":{"line":32,"column":30},"end":{"line":32,"column":58}},"23":{"start":{"line":33,"column":27},"end":{"line":36,"column":6}},"24":{"start":{"line":38,"column":4},"end":{"line":38,"column":41}},"25":{"start":{"line":40,"column":4},"end":{"line":40,"column":49}},"26":{"start":{"line":44,"column":0},"end":{"line":51,"column":2}},"27":{"start":{"line":45,"column":2},"end":{"line":50,"column":3}},"28":{"start":{"line":46,"column":25},"end":{"line":46,"column":49}},"29":{"start":{"line":47,"column":4},"end":{"line":47,"column":27}},"30":{"start":{"line":49,"column":4},"end":{"line":49,"column":49}},"31":{"start":{"line":53,"column":0},"end":{"line":66,"column":2}},"32":{"start":{"line":54,"column":24},"end":{"line":54,"column":37}},"33":{"start":{"line":55,"column":2},"end":{"line":65,"column":3}},"34":{"start":{"line":56,"column":29},"end":{"line":56,"column":70}},"35":{"start":{"line":58,"column":4},"end":{"line":62,"column":5}},"36":{"start":{"line":59,"column":6},"end":{"line":59,"column":33}},"37":{"start":{"line":61,"column":6},"end":{"line":61,"column":63}},"38":{"start":{"line":64,"column":4},"end":{"line":64,"column":49}},"39":{"start":{"line":68,"column":0},"end":{"line":84,"column":2}},"40":{"start":{"line":69,"column":24},"end":{"line":69,"column":37}},"41":{"start":{"line":71,"column":2},"end":{"line":83,"column":3}},"42":{"start":{"line":72,"column":31},"end":{"line":74,"column":5}},"43":{"start":{"line":75,"column":4},"end":{"line":80,"column":68}},"44":{"start":{"line":76,"column":6},"end":{"line":79,"column":9}},"45":{"start":{"line":80,"column":11},"end":{"line":80,"column":68}},"46":{"start":{"line":82,"column":4},"end":{"line":82,"column":49}},"47":{"start":{"line":86,"column":0},"end":{"line":108,"column":2}},"48":{"start":{"line":87,"column":24},"end":{"line":87,"column":37}},"49":{"start":{"line":88,"column":18},"end":{"line":88,"column":26}},"50":{"start":{"line":90,"column":2},"end":{"line":107,"column":3}},"51":{"start":{"line":91,"column":31},"end":{"line":95,"column":5}},"52":{"start":{"line":97,"column":4},"end":{"line":104,"column":5}},"53":{"start":{"line":98,"column":6},"end":{"line":101,"column":9}},"54":{"start":{"line":103,"column":6},"end":{"line":103,"column":63}},"55":{"start":{"line":106,"column":4},"end":{"line":106,"column":49}}},"fnMap":{"0":{"name":"(anonymous_0)","decl":{"start":{"line":5,"column":28},"end":{"line":5,"column":29}},"loc":{"start":{"line":5,"column":48},"end":{"line":42,"column":1}},"line":5},"1":{"name":"(anonymous_1)","decl":{"start":{"line":44,"column":26},"end":{"line":44,"column":27}},"loc":{"start":{"line":44,"column":46},"end":{"line":51,"column":1}},"line":44},"2":{"name":"(anonymous_2)","decl":{"start":{"line":53,"column":29},"end":{"line":53,"column":30}},"loc":{"start":{"line":53,"column":49},"end":{"line":66,"column":1}},"line":53},"3":{"name":"(anonymous_3)","decl":{"start":{"line":68,"column":28},"end":{"line":68,"column":29}},"loc":{"start":{"line":68,"column":48},"end":{"line":84,"column":1}},"line":68},"4":{"name":"(anonymous_4)","decl":{"start":{"line":86,"column":28},"end":{"line":86,"column":29}},"loc":{"start":{"line":86,"column":48},"end":{"line":108,"column":1}},"line":86}},"branchMap":{"0":{"loc":{"start":{"line":8,"column":4},"end":{"line":11,"column":5}},"type":"if","locations":[{"start":{"line":8,"column":4},"end":{"line":11,"column":5}},{"start":{},"end":{}}],"line":8},"1":{"loc":{"start":{"line":8,"column":8},"end":{"line":8,"column":39}},"type":"binary-expr","locations":[{"start":{"line":8,"column":8},"end":{"line":8,"column":20}},{"start":{"line":8,"column":24},"end":{"line":8,"column":39}}],"line":8},"2":{"loc":{"start":{"line":13,"column":4},"end":{"line":17,"column":5}},"type":"if","locations":[{"start":{"line":13,"column":4},"end":{"line":17,"column":5}},{"start":{},"end":{}}],"line":13},"3":{"loc":{"start":{"line":19,"column":4},"end":{"line":25,"column":5}},"type":"if","locations":[{"start":{"line":19,"column":4},"end":{"line":25,"column":5}},{"start":{},"end":{}}],"line":19},"4":{"loc":{"start":{"line":27,"column":4},"end":{"line":30,"column":5}},"type":"if","locations":[{"start":{"line":27,"column":4},"end":{"line":30,"column":5}},{"start":{},"end":{}}],"line":27},"5":{"loc":{"start":{"line":58,"column":4},"end":{"line":62,"column":5}},"type":"if","locations":[{"start":{"line":58,"column":4},"end":{"line":62,"column":5}},{"start":{"line":60,"column":11},"end":{"line":62,"column":5}}],"line":58},"6":{"loc":{"start":{"line":75,"column":4},"end":{"line":80,"column":68}},"type":"if","locations":[{"start":{"line":75,"column":4},"end":{"line":80,"column":68}},{"start":{"line":80,"column":11},"end":{"line":80,"column":68}}],"line":75},"7":{"loc":{"start":{"line":97,"column":4},"end":{"line":104,"column":5}},"type":"if","locations":[{"start":{"line":97,"column":4},"end":{"line":104,"column":5}},{"start":{"line":102,"column":11},"end":{"line":104,"column":5}}],"line":97}},"s":{"0":1,"1":1,"2":1,"3":1,"4":0,"5":0,"6":0,"7":0,"8":0,"9":0,"10":0,"11":0,"12":0,"13":0,"14":0,"15":0,"16":0,"17":0,"18":0,"19":0,"20":0,"21":0,"22":0,"23":0,"24":0,"25":0,"26":1,"27":0,"28":0,"29":0,"30":0,"31":1,"32":0,"33":0,"34":0,"35":0,"36":0,"37":0,"38":0,"39":1,"40":0,"41":0,"42":0,"43":0,"44":0,"45":0,"46":0,"47":1,"48":0,"49":0,"50":0,"51":0,"52":0,"53":0,"54":0,"55":0},"f":{"0":0,"1":0,"2":0,"3":0,"4":0},"b":{"0":[0,0],"1":[0,0],"2":[0,0],"3":[0,0],"4":[0,0],"5":[0,0],"6":[0,0],"7":[0,0]},"_coverageSchema":"1a1c01bbd47fc00a2c39e90264f33305004495a9","hash":"a596a82eb3ade1218580914a55e617c586c73c60"}
,"/Users/vince/Desktop/ Glovo 1/backend/src/controller/usersController.js": {"path":"/Users/vince/Desktop/ Glovo 1/backend/src/controller/usersController.js","statementMap":{"0":{"start":{"line":1,"column":15},"end":{"line":1,"column":34}},"1":{"start":{"line":2,"column":13},"end":{"line":2,"column":45}},"2":{"start":{"line":3,"column":25},"end":{"line":3,"column":44}},"3":{"start":{"line":5,"column":0},"end":{"line":25,"column":2}},"4":{"start":{"line":6,"column":2},"end":{"line":6,"column":44}},"5":{"start":{"line":7,"column":2},"end":{"line":24,"column":3}},"6":{"start":{"line":8,"column":4},"end":{"line":10,"column":5}},"7":{"start":{"line":9,"column":6},"end":{"line":9,"column":79}},"8":{"start":{"line":12,"column":30},"end":{"line":12,"column":67}},"9":{"start":{"line":13,"column":20},"end":{"line":19,"column":6}},"10":{"start":{"line":20,"column":4},"end":{"line":20,"column":34}},"11":{"start":{"line":22,"column":4},"end":{"line":22,"column":50}},"12":{"start":{"line":23,"column":4},"end":{"line":23,"column":49}},"13":{"start":{"line":27,"column":0},"end":{"line":34,"column":2}},"14":{"start":{"line":28,"column":2},"end":{"line":33,"column":3}},"15":{"start":{"line":29,"column":18},"end":{"line":29,"column":35}},"16":{"start":{"line":30,"column":4},"end":{"line":30,"column":32}},"17":{"start":{"line":32,"column":4},"end":{"line":32,"column":51}},"18":{"start":{"line":36,"column":0},"end":{"line":45,"column":2}},"19":{"start":{"line":37,"column":2},"end":{"line":44,"column":3}},"20":{"start":{"line":38,"column":17},"end":{"line":38,"column":51}},"21":{"start":{"line":39,"column":4},"end":{"line":40,"column":72}},"22":{"start":{"line":40,"column":6},"end":{"line":40,"column":72}},"23":{"start":{"line":41,"column":4},"end":{"line":41,"column":19}},"24":{"start":{"line":43,"column":4},"end":{"line":43,"column":51}},"25":{"start":{"line":47,"column":0},"end":{"line":67,"column":2}},"26":{"start":{"line":48,"column":17},"end":{"line":48,"column":30}},"27":{"start":{"line":49,"column":18},"end":{"line":49,"column":26}},"28":{"start":{"line":51,"column":2},"end":{"line":66,"column":3}},"29":{"start":{"line":52,"column":24},"end":{"line":54,"column":6}},"30":{"start":{"line":56,"column":4},"end":{"line":63,"column":5}},"31":{"start":{"line":57,"column":6},"end":{"line":60,"column":9}},"32":{"start":{"line":62,"column":6},"end":{"line":62,"column":63}},"33":{"start":{"line":65,"column":4},"end":{"line":65,"column":49}},"34":{"start":{"line":69,"column":0},"end":{"line":78,"column":2}},"35":{"start":{"line":70,"column":2},"end":{"line":77,"column":3}},"36":{"start":{"line":71,"column":17},"end":{"line":71,"column":60}},"37":{"start":{"line":72,"column":4},"end":{"line":73,"column":72}},"38":{"start":{"line":73,"column":6},"end":{"line":73,"column":72}},"39":{"start":{"line":74,"column":4},"end":{"line":74,"column":47}},"40":{"start":{"line":76,"column":4},"end":{"line":76,"column":51}},"41":{"start":{"line":80,"column":0},"end":{"line":105,"column":2}},"42":{"start":{"line":81,"column":21},"end":{"line":81,"column":31}},"43":{"start":{"line":82,"column":43},"end":{"line":82,"column":51}},"44":{"start":{"line":84,"column":2},"end":{"line":104,"column":3}},"45":{"start":{"line":85,"column":17},"end":{"line":85,"column":44}},"46":{"start":{"line":86,"column":4},"end":{"line":88,"column":5}},"47":{"start":{"line":87,"column":6},"end":{"line":87,"column":70}},"48":{"start":{"line":90,"column":20},"end":{"line":93,"column":5}},"49":{"start":{"line":94,"column":4},"end":{"line":96,"column":5}},"50":{"start":{"line":95,"column":6},"end":{"line":95,"column":77}},"51":{"start":{"line":98,"column":4},"end":{"line":98,"column":65}},"52":{"start":{"line":99,"column":4},"end":{"line":99,"column":22}},"53":{"start":{"line":100,"column":4},"end":{"line":100,"column":62}},"54":{"start":{"line":102,"column":4},"end":{"line":102,"column":58}},"55":{"start":{"line":103,"column":4},"end":{"line":103,"column":66}},"56":{"start":{"line":107,"column":0},"end":{"line":129,"column":2}},"57":{"start":{"line":108,"column":2},"end":{"line":128,"column":3}},"58":{"start":{"line":109,"column":32},"end":{"line":109,"column":40}},"59":{"start":{"line":112,"column":17},"end":{"line":112,"column":46}},"60":{"start":{"line":113,"column":4},"end":{"line":115,"column":5}},"61":{"start":{"line":114,"column":6},"end":{"line":114,"column":73}},"62":{"start":{"line":118,"column":20},"end":{"line":118,"column":56}},"63":{"start":{"line":119,"column":4},"end":{"line":121,"column":5}},"64":{"start":{"line":120,"column":6},"end":{"line":120,"column":73}},"65":{"start":{"line":124,"column":18},"end":{"line":124,"column":36}},"66":{"start":{"line":125,"column":4},"end":{"line":125,"column":50}},"67":{"start":{"line":127,"column":4},"end":{"line":127,"column":66}}},"fnMap":{"0":{"name":"(anonymous_0)","decl":{"start":{"line":5,"column":21},"end":{"line":5,"column":22}},"loc":{"start":{"line":5,"column":41},"end":{"line":25,"column":1}},"line":5},"1":{"name":"(anonymous_1)","decl":{"start":{"line":27,"column":22},"end":{"line":27,"column":23}},"loc":{"start":{"line":27,"column":42},"end":{"line":34,"column":1}},"line":27},"2":{"name":"(anonymous_2)","decl":{"start":{"line":36,"column":22},"end":{"line":36,"column":23}},"loc":{"start":{"line":36,"column":42},"end":{"line":45,"column":1}},"line":36},"3":{"name":"(anonymous_3)","decl":{"start":{"line":47,"column":21},"end":{"line":47,"column":22}},"loc":{"start":{"line":47,"column":41},"end":{"line":67,"column":1}},"line":47},"4":{"name":"(anonymous_4)","decl":{"start":{"line":69,"column":21},"end":{"line":69,"column":22}},"loc":{"start":{"line":69,"column":41},"end":{"line":78,"column":1}},"line":69},"5":{"name":"(anonymous_5)","decl":{"start":{"line":80,"column":25},"end":{"line":80,"column":26}},"loc":{"start":{"line":80,"column":45},"end":{"line":105,"column":1}},"line":80},"6":{"name":"(anonymous_6)","decl":{"start":{"line":107,"column":20},"end":{"line":107,"column":21}},"loc":{"start":{"line":107,"column":40},"end":{"line":129,"column":1}},"line":107}},"branchMap":{"0":{"loc":{"start":{"line":8,"column":4},"end":{"line":10,"column":5}},"type":"if","locations":[{"start":{"line":8,"column":4},"end":{"line":10,"column":5}},{"start":{},"end":{}}],"line":8},"1":{"loc":{"start":{"line":39,"column":4},"end":{"line":40,"column":72}},"type":"if","locations":[{"start":{"line":39,"column":4},"end":{"line":40,"column":72}},{"start":{},"end":{}}],"line":39},"2":{"loc":{"start":{"line":56,"column":4},"end":{"line":63,"column":5}},"type":"if","locations":[{"start":{"line":56,"column":4},"end":{"line":63,"column":5}},{"start":{"line":61,"column":11},"end":{"line":63,"column":5}}],"line":56},"3":{"loc":{"start":{"line":72,"column":4},"end":{"line":73,"column":72}},"type":"if","locations":[{"start":{"line":72,"column":4},"end":{"line":73,"column":72}},{"start":{},"end":{}}],"line":72},"4":{"loc":{"start":{"line":86,"column":4},"end":{"line":88,"column":5}},"type":"if","locations":[{"start":{"line":86,"column":4},"end":{"line":88,"column":5}},{"start":{},"end":{}}],"line":86},"5":{"loc":{"start":{"line":94,"column":4},"end":{"line":96,"column":5}},"type":"if","locations":[{"start":{"line":94,"column":4},"end":{"line":96,"column":5}},{"start":{},"end":{}}],"line":94},"6":{"loc":{"start":{"line":113,"column":4},"end":{"line":115,"column":5}},"type":"if","locations":[{"start":{"line":113,"column":4},"end":{"line":115,"column":5}},{"start":{},"end":{}}],"line":113},"7":{"loc":{"start":{"line":119,"column":4},"end":{"line":121,"column":5}},"type":"if","locations":[{"start":{"line":119,"column":4},"end":{"line":121,"column":5}},{"start":{},"end":{}}],"line":119}},"s":{"0":1,"1":1,"2":1,"3":1,"4":0,"5":0,"6":0,"7":0,"8":0,"9":0,"10":0,"11":0,"12":0,"13":1,"14":1,"15":1,"16":1,"17":0,"18":1,"19":0,"20":0,"21":0,"22":0,"23":0,"24":0,"25":1,"26":0,"27":0,"28":0,"29":0,"30":0,"31":0,"32":0,"33":0,"34":1,"35":0,"36":0,"37":0,"38":0,"39":0,"40":0,"41":1,"42":0,"43":0,"44":0,"45":0,"46":0,"47":0,"48":0,"49":0,"50":0,"51":0,"52":0,"53":0,"54":0,"55":0,"56":1,"57":0,"58":0,"59":0,"60":0,"61":0,"62":0,"63":0,"64":0,"65":0,"66":0,"67":0},"f":{"0":0,"1":1,"2":0,"3":0,"4":0,"5":0,"6":0},"b":{"0":[0,0],"1":[0,0],"2":[0,0],"3":[0,0],"4":[0,0],"5":[0,0],"6":[0,0],"7":[0,0]},"_coverageSchema":"1a1c01bbd47fc00a2c39e90264f33305004495a9","hash":"95e2e2535ef9dec1de9aeb162c69e08aa0e752aa"}
,"/Users/vince/Desktop/ Glovo 1/backend/src/mongo/connection/index.js": {"path":"/Users/vince/Desktop/ Glovo 1/backend/src/mongo/connection/index.js","statementMap":{"0":{"start":{"line":1,"column":17},"end":{"line":1,"column":36}},"1":{"start":{"line":2,"column":0},"end":{"line":2,"column":27}},"2":{"start":{"line":3,"column":17},"end":{"line":3,"column":38}},"3":{"start":{"line":4,"column":30},"end":{"line":4,"column":62}},"4":{"start":{"line":5,"column":14},"end":{"line":5,"column":18}},"5":{"start":{"line":7,"column":0},"end":{"line":29,"column":2}},"6":{"start":{"line":8,"column":2},"end":{"line":8,"column":37}},"7":{"start":{"line":10,"column":2},"end":{"line":28,"column":3}},"8":{"start":{"line":11,"column":16},"end":{"line":11,"column":37}},"9":{"start":{"line":13,"column":4},"end":{"line":16,"column":5}},"10":{"start":{"line":14,"column":6},"end":{"line":14,"column":49}},"11":{"start":{"line":15,"column":6},"end":{"line":15,"column":31}},"12":{"start":{"line":18,"column":4},"end":{"line":21,"column":7}},"13":{"start":{"line":27,"column":4},"end":{"line":27,"column":19}},"14":{"start":{"line":31,"column":0},"end":{"line":40,"column":2}},"15":{"start":{"line":32,"column":2},"end":{"line":39,"column":3}},"16":{"start":{"line":33,"column":4},"end":{"line":33,"column":38}},"17":{"start":{"line":34,"column":4},"end":{"line":36,"column":5}},"18":{"start":{"line":35,"column":6},"end":{"line":35,"column":27}},"19":{"start":{"line":38,"column":4},"end":{"line":38,"column":21}}},"fnMap":{"0":{"name":"(anonymous_0)","decl":{"start":{"line":7,"column":20},"end":{"line":7,"column":21}},"loc":{"start":{"line":7,"column":32},"end":{"line":29,"column":1}},"line":7},"1":{"name":"(anonymous_1)","decl":{"start":{"line":31,"column":23},"end":{"line":31,"column":24}},"loc":{"start":{"line":31,"column":35},"end":{"line":40,"column":1}},"line":31}},"branchMap":{"0":{"loc":{"start":{"line":13,"column":4},"end":{"line":16,"column":5}},"type":"if","locations":[{"start":{"line":13,"column":4},"end":{"line":16,"column":5}},{"start":{},"end":{}}],"line":13},"1":{"loc":{"start":{"line":34,"column":4},"end":{"line":36,"column":5}},"type":"if","locations":[{"start":{"line":34,"column":4},"end":{"line":36,"column":5}},{"start":{},"end":{}}],"line":34}},"s":{"0":1,"1":1,"2":1,"3":1,"4":1,"5":1,"6":1,"7":1,"8":1,"9":1,"10":1,"11":1,"12":1,"13":0,"14":1,"15":1,"16":1,"17":1,"18":1,"19":0},"f":{"0":1,"1":1},"b":{"0":[1,0],"1":[1,0]},"_coverageSchema":"1a1c01bbd47fc00a2c39e90264f33305004495a9","hash":"a257b340888627551ab1f138240755c7f32d13e7"}
,"/Users/vince/Desktop/ Glovo 1/backend/src/router/Auth.js": {"path":"/Users/vince/Desktop/ Glovo 1/backend/src/router/Auth.js","statementMap":{"0":{"start":{"line":1,"column":16},"end":{"line":1,"column":34}},"1":{"start":{"line":2,"column":12},"end":{"line":2,"column":35}},"2":{"start":{"line":3,"column":13},"end":{"line":3,"column":45}},"3":{"start":{"line":4,"column":18},"end":{"line":4,"column":40}},"4":{"start":{"line":6,"column":19},"end":{"line":6,"column":35}},"5":{"start":{"line":8,"column":0},"end":{"line":59,"column":3}},"6":{"start":{"line":9,"column":16},"end":{"line":9,"column":30}},"7":{"start":{"line":10,"column":15},"end":{"line":10,"column":23}},"8":{"start":{"line":11,"column":2},"end":{"line":11,"column":24}},"9":{"start":{"line":13,"column":2},"end":{"line":15,"column":3}},"10":{"start":{"line":14,"column":4},"end":{"line":14,"column":79}},"11":{"start":{"line":16,"column":2},"end":{"line":58,"column":7}},"12":{"start":{"line":19,"column":6},"end":{"line":19,"column":38}},"13":{"start":{"line":20,"column":6},"end":{"line":24,"column":7}},"14":{"start":{"line":21,"column":8},"end":{"line":23,"column":66}},"15":{"start":{"line":25,"column":6},"end":{"line":25,"column":24}},"16":{"start":{"line":26,"column":22},"end":{"line":31,"column":8}},"17":{"start":{"line":33,"column":6},"end":{"line":54,"column":11}},"18":{"start":{"line":36,"column":10},"end":{"line":36,"column":31}},"19":{"start":{"line":37,"column":10},"end":{"line":45,"column":13}},"20":{"start":{"line":48,"column":10},"end":{"line":53,"column":13}},"21":{"start":{"line":57,"column":6},"end":{"line":57,"column":58}},"22":{"start":{"line":61,"column":0},"end":{"line":113,"column":3}},"23":{"start":{"line":62,"column":16},"end":{"line":62,"column":30}},"24":{"start":{"line":63,"column":15},"end":{"line":63,"column":23}},"25":{"start":{"line":64,"column":2},"end":{"line":64,"column":24}},"26":{"start":{"line":66,"column":2},"end":{"line":68,"column":3}},"27":{"start":{"line":67,"column":4},"end":{"line":67,"column":79}},"28":{"start":{"line":69,"column":2},"end":{"line":112,"column":7}},"29":{"start":{"line":72,"column":6},"end":{"line":72,"column":38}},"30":{"start":{"line":73,"column":6},"end":{"line":77,"column":7}},"31":{"start":{"line":74,"column":8},"end":{"line":76,"column":66}},"32":{"start":{"line":78,"column":6},"end":{"line":78,"column":24}},"33":{"start":{"line":79,"column":22},"end":{"line":84,"column":8}},"34":{"start":{"line":86,"column":6},"end":{"line":108,"column":11}},"35":{"start":{"line":91,"column":10},"end":{"line":99,"column":13}},"36":{"start":{"line":102,"column":10},"end":{"line":107,"column":13}},"37":{"start":{"line":111,"column":6},"end":{"line":111,"column":58}},"38":{"start":{"line":115,"column":0},"end":{"line":157,"column":3}},"39":{"start":{"line":116,"column":30},"end":{"line":116,"column":38}},"40":{"start":{"line":118,"column":2},"end":{"line":122,"column":3}},"41":{"start":{"line":119,"column":4},"end":{"line":121,"column":63}},"42":{"start":{"line":123,"column":2},"end":{"line":156,"column":7}},"43":{"start":{"line":126,"column":6},"end":{"line":130,"column":7}},"44":{"start":{"line":127,"column":8},"end":{"line":129,"column":73}},"45":{"start":{"line":132,"column":6},"end":{"line":137,"column":7}},"46":{"start":{"line":134,"column":8},"end":{"line":136,"column":61}},"47":{"start":{"line":139,"column":6},"end":{"line":147,"column":9}},"48":{"start":{"line":150,"column":6},"end":{"line":155,"column":9}},"49":{"start":{"line":159,"column":0},"end":{"line":159,"column":28}}},"fnMap":{"0":{"name":"(anonymous_0)","decl":{"start":{"line":8,"column":29},"end":{"line":8,"column":30}},"loc":{"start":{"line":8,"column":43},"end":{"line":59,"column":1}},"line":8},"1":{"name":"(anonymous_1)","decl":{"start":{"line":18,"column":10},"end":{"line":18,"column":11}},"loc":{"start":{"line":18,"column":20},"end":{"line":55,"column":5}},"line":18},"2":{"name":"(anonymous_2)","decl":{"start":{"line":35,"column":14},"end":{"line":35,"column":15}},"loc":{"start":{"line":35,"column":31},"end":{"line":46,"column":9}},"line":35},"3":{"name":"(anonymous_3)","decl":{"start":{"line":47,"column":15},"end":{"line":47,"column":16}},"loc":{"start":{"line":47,"column":24},"end":{"line":54,"column":9}},"line":47},"4":{"name":"(anonymous_4)","decl":{"start":{"line":56,"column":11},"end":{"line":56,"column":12}},"loc":{"start":{"line":56,"column":20},"end":{"line":58,"column":5}},"line":56},"5":{"name":"(anonymous_5)","decl":{"start":{"line":61,"column":40},"end":{"line":61,"column":41}},"loc":{"start":{"line":61,"column":54},"end":{"line":113,"column":1}},"line":61},"6":{"name":"(anonymous_6)","decl":{"start":{"line":71,"column":10},"end":{"line":71,"column":11}},"loc":{"start":{"line":71,"column":20},"end":{"line":109,"column":5}},"line":71},"7":{"name":"(anonymous_7)","decl":{"start":{"line":88,"column":14},"end":{"line":88,"column":15}},"loc":{"start":{"line":88,"column":31},"end":{"line":100,"column":9}},"line":88},"8":{"name":"(anonymous_8)","decl":{"start":{"line":101,"column":15},"end":{"line":101,"column":16}},"loc":{"start":{"line":101,"column":24},"end":{"line":108,"column":9}},"line":101},"9":{"name":"(anonymous_9)","decl":{"start":{"line":110,"column":11},"end":{"line":110,"column":12}},"loc":{"start":{"line":110,"column":20},"end":{"line":112,"column":5}},"line":110},"10":{"name":"(anonymous_10)","decl":{"start":{"line":115,"column":26},"end":{"line":115,"column":27}},"loc":{"start":{"line":115,"column":46},"end":{"line":157,"column":1}},"line":115},"11":{"name":"(anonymous_11)","decl":{"start":{"line":124,"column":10},"end":{"line":124,"column":11}},"loc":{"start":{"line":124,"column":25},"end":{"line":148,"column":5}},"line":124},"12":{"name":"(anonymous_12)","decl":{"start":{"line":149,"column":11},"end":{"line":149,"column":12}},"loc":{"start":{"line":149,"column":20},"end":{"line":156,"column":5}},"line":149}},"branchMap":{"0":{"loc":{"start":{"line":13,"column":2},"end":{"line":15,"column":3}},"type":"if","locations":[{"start":{"line":13,"column":2},"end":{"line":15,"column":3}},{"start":{},"end":{}}],"line":13},"1":{"loc":{"start":{"line":20,"column":6},"end":{"line":24,"column":7}},"type":"if","locations":[{"start":{"line":20,"column":6},"end":{"line":24,"column":7}},{"start":{},"end":{}}],"line":20},"2":{"loc":{"start":{"line":66,"column":2},"end":{"line":68,"column":3}},"type":"if","locations":[{"start":{"line":66,"column":2},"end":{"line":68,"column":3}},{"start":{},"end":{}}],"line":66},"3":{"loc":{"start":{"line":73,"column":6},"end":{"line":77,"column":7}},"type":"if","locations":[{"start":{"line":73,"column":6},"end":{"line":77,"column":7}},{"start":{},"end":{}}],"line":73},"4":{"loc":{"start":{"line":118,"column":2},"end":{"line":122,"column":3}},"type":"if","locations":[{"start":{"line":118,"column":2},"end":{"line":122,"column":3}},{"start":{},"end":{}}],"line":118},"5":{"loc":{"start":{"line":118,"column":6},"end":{"line":118,"column":25}},"type":"binary-expr","locations":[{"start":{"line":118,"column":6},"end":{"line":118,"column":12}},{"start":{"line":118,"column":16},"end":{"line":118,"column":25}}],"line":118},"6":{"loc":{"start":{"line":126,"column":6},"end":{"line":130,"column":7}},"type":"if","locations":[{"start":{"line":126,"column":6},"end":{"line":130,"column":7}},{"start":{},"end":{}}],"line":126},"7":{"loc":{"start":{"line":132,"column":6},"end":{"line":137,"column":7}},"type":"if","locations":[{"start":{"line":132,"column":6},"end":{"line":137,"column":7}},{"start":{},"end":{}}],"line":132}},"s":{"0":1,"1":1,"2":1,"3":1,"4":1,"5":1,"6":0,"7":0,"8":0,"9":0,"10":0,"11":0,"12":0,"13":0,"14":0,"15":0,"16":0,"17":0,"18":0,"19":0,"20":0,"21":0,"22":1,"23":0,"24":0,"25":0,"26":0,"27":0,"28":0,"29":0,"30":0,"31":0,"32":0,"33":0,"34":0,"35":0,"36":0,"37":0,"38":1,"39":0,"40":0,"41":0,"42":0,"43":0,"44":0,"45":0,"46":0,"47":0,"48":0,"49":1},"f":{"0":0,"1":0,"2":0,"3":0,"4":0,"5":0,"6":0,"7":0,"8":0,"9":0,"10":0,"11":0,"12":0},"b":{"0":[0,0],"1":[0,0],"2":[0,0],"3":[0,0],"4":[0,0],"5":[0,0],"6":[0,0],"7":[0,0]},"_coverageSchema":"1a1c01bbd47fc00a2c39e90264f33305004495a9","hash":"c499ec6cb29e9198b95eae2ca9e1187f119e1345"}
,"/Users/vince/Desktop/ Glovo 1/backend/src/router/UserRoutes.js": {"path":"/Users/vince/Desktop/ Glovo 1/backend/src/router/UserRoutes.js","statementMap":{"0":{"start":{"line":1,"column":16},"end":{"line":1,"column":34}},"1":{"start":{"line":2,"column":15},"end":{"line":2,"column":39}},"2":{"start":{"line":3,"column":23},"end":{"line":3,"column":63}},"3":{"start":{"line":4,"column":26},"end":{"line":4,"column":52}},"4":{"start":{"line":7,"column":0},"end":{"line":7,"column":44}},"5":{"start":{"line":8,"column":0},"end":{"line":8,"column":44}},"6":{"start":{"line":9,"column":0},"end":{"line":9,"column":47}},"7":{"start":{"line":10,"column":0},"end":{"line":10,"column":48}},"8":{"start":{"line":11,"column":0},"end":{"line":11,"column":49}},"9":{"start":{"line":12,"column":0},"end":{"line":12,"column":68}},"10":{"start":{"line":14,"column":0},"end":{"line":14,"column":24}}},"fnMap":{},"branchMap":{},"s":{"0":1,"1":1,"2":1,"3":1,"4":1,"5":1,"6":1,"7":1,"8":1,"9":1,"10":1},"f":{},"b":{},"_coverageSchema":"1a1c01bbd47fc00a2c39e90264f33305004495a9","hash":"bc80acb8fdc3f514e00d823e8699ff070f2b406c"}
,"/Users/vince/Desktop/ Glovo 1/backend/src/router/productRoutes.js": {"path":"/Users/vince/Desktop/ Glovo 1/backend/src/router/productRoutes.js","statementMap":{"0":{"start":{"line":1,"column":16},"end":{"line":1,"column":34}},"1":{"start":{"line":2,"column":15},"end":{"line":2,"column":31}},"2":{"start":{"line":3,"column":26},"end":{"line":3,"column":68}},"3":{"start":{"line":5,"column":0},"end":{"line":5,"column":55}},"4":{"start":{"line":6,"column":0},"end":{"line":6,"column":62}},"5":{"start":{"line":7,"column":0},"end":{"line":7,"column":58}},"6":{"start":{"line":8,"column":0},"end":{"line":8,"column":63}},"7":{"start":{"line":9,"column":0},"end":{"line":9,"column":64}},"8":{"start":{"line":10,"column":0},"end":{"line":13,"column":2}},"9":{"start":{"line":15,"column":0},"end":{"line":15,"column":24}}},"fnMap":{},"branchMap":{},"s":{"0":1,"1":1,"2":1,"3":1,"4":1,"5":1,"6":1,"7":1,"8":1,"9":1},"f":{},"b":{},"_coverageSchema":"1a1c01bbd47fc00a2c39e90264f33305004495a9","hash":"5677f0da5f3e94e97e9df4a5ffffafdd57032fe1"}
,"/Users/vince/Desktop/ Glovo 1/backend/src/router/restauranteRoutes.js": {"path":"/Users/vince/Desktop/ Glovo 1/backend/src/router/restauranteRoutes.js","statementMap":{"0":{"start":{"line":1,"column":16},"end":{"line":1,"column":34}},"1":{"start":{"line":2,"column":15},"end":{"line":2,"column":31}},"2":{"start":{"line":3,"column":30},"end":{"line":3,"column":76}},"3":{"start":{"line":5,"column":0},"end":{"line":5,"column":70}},"4":{"start":{"line":6,"column":0},"end":{"line":6,"column":67}},"5":{"start":{"line":7,"column":0},"end":{"line":7,"column":74}},"6":{"start":{"line":8,"column":0},"end":{"line":8,"column":76}},"7":{"start":{"line":9,"column":0},"end":{"line":9,"column":75}},"8":{"start":{"line":11,"column":0},"end":{"line":11,"column":24}}},"fnMap":{},"branchMap":{},"s":{"0":1,"1":1,"2":1,"3":1,"4":1,"5":1,"6":1,"7":1,"8":1},"f":{},"b":{},"_coverageSchema":"1a1c01bbd47fc00a2c39e90264f33305004495a9","hash":"d2aae472399de2df166c876352cea3da154ca197"}
,"/Users/vince/Desktop/ Glovo 1/backend/src/schema/ProductSchema.js": {"path":"/Users/vince/Desktop/ Glovo 1/backend/src/schema/ProductSchema.js","statementMap":{"0":{"start":{"line":1,"column":17},"end":{"line":1,"column":36}},"1":{"start":{"line":3,"column":22},"end":{"line":14,"column":2}},"2":{"start":{"line":16,"column":16},"end":{"line":16,"column":56}},"3":{"start":{"line":18,"column":0},"end":{"line":18,"column":25}}},"fnMap":{},"branchMap":{},"s":{"0":1,"1":1,"2":1,"3":1},"f":{},"b":{},"_coverageSchema":"1a1c01bbd47fc00a2c39e90264f33305004495a9","hash":"916f2f44df6e59546ec6873c6f63e4f5979e10bf"}
,"/Users/vince/Desktop/ Glovo 1/backend/src/schema/RestauranteSchema.js": {"path":"/Users/vince/Desktop/ Glovo 1/backend/src/schema/RestauranteSchema.js","statementMap":{"0":{"start":{"line":1,"column":17},"end":{"line":1,"column":36}},"1":{"start":{"line":3,"column":26},"end":{"line":16,"column":2}},"2":{"start":{"line":18,"column":20},"end":{"line":18,"column":68}},"3":{"start":{"line":19,"column":0},"end":{"line":19,"column":29}}},"fnMap":{},"branchMap":{},"s":{"0":1,"1":1,"2":1,"3":1},"f":{},"b":{},"_coverageSchema":"1a1c01bbd47fc00a2c39e90264f33305004495a9","hash":"91a0c8c79373c6c417b93d3fce74ce31990d7f61"}
,"/Users/vince/Desktop/ Glovo 1/backend/src/schema/usersSchema.js": {"path":"/Users/vince/Desktop/ Glovo 1/backend/src/schema/usersSchema.js","statementMap":{"0":{"start":{"line":2,"column":27},"end":{"line":2,"column":46}},"1":{"start":{"line":3,"column":15},"end":{"line":3,"column":32}},"2":{"start":{"line":4,"column":12},"end":{"line":4,"column":35}},"3":{"start":{"line":5,"column":15},"end":{"line":5,"column":32}},"4":{"start":{"line":6,"column":0},"end":{"line":6,"column":16}},"5":{"start":{"line":7,"column":15},"end":{"line":7,"column":37}},"6":{"start":{"line":9,"column":19},"end":{"line":14,"column":2}},"7":{"start":{"line":18,"column":0},"end":{"line":36,"column":3}},"8":{"start":{"line":19,"column":14},"end":{"line":19,"column":18}},"9":{"start":{"line":22,"column":1},"end":{"line":22,"column":49}},"10":{"start":{"line":22,"column":35},"end":{"line":22,"column":49}},"11":{"start":{"line":25,"column":1},"end":{"line":35,"column":4}},"12":{"start":{"line":26,"column":2},"end":{"line":26,"column":28}},"13":{"start":{"line":26,"column":11},"end":{"line":26,"column":28}},"14":{"start":{"line":28,"column":2},"end":{"line":34,"column":5}},"15":{"start":{"line":29,"column":3},"end":{"line":29,"column":29}},"16":{"start":{"line":29,"column":12},"end":{"line":29,"column":29}},"17":{"start":{"line":32,"column":3},"end":{"line":32,"column":24}},"18":{"start":{"line":33,"column":3},"end":{"line":33,"column":10}},"19":{"start":{"line":38,"column":0},"end":{"line":40,"column":2}},"20":{"start":{"line":39,"column":1},"end":{"line":39,"column":52}},"21":{"start":{"line":43,"column":0},"end":{"line":59,"column":2}},"22":{"start":{"line":44,"column":15},"end":{"line":44,"column":25}},"23":{"start":{"line":45,"column":24},"end":{"line":45,"column":34}},"24":{"start":{"line":47,"column":1},"end":{"line":47,"column":46}},"25":{"start":{"line":49,"column":15},"end":{"line":54,"column":2}},"26":{"start":{"line":56,"column":1},"end":{"line":58,"column":4}},"27":{"start":{"line":61,"column":13},"end":{"line":61,"column":38}},"28":{"start":{"line":63,"column":0},"end":{"line":63,"column":22}}},"fnMap":{"0":{"name":"(anonymous_0)","decl":{"start":{"line":18,"column":24},"end":{"line":18,"column":25}},"loc":{"start":{"line":18,"column":39},"end":{"line":36,"column":1}},"line":18},"1":{"name":"(anonymous_1)","decl":{"start":{"line":25,"column":20},"end":{"line":25,"column":21}},"loc":{"start":{"line":25,"column":40},"end":{"line":35,"column":2}},"line":25},"2":{"name":"(anonymous_2)","decl":{"start":{"line":28,"column":35},"end":{"line":28,"column":36}},"loc":{"start":{"line":28,"column":55},"end":{"line":34,"column":3}},"line":28},"3":{"name":"(anonymous_3)","decl":{"start":{"line":38,"column":37},"end":{"line":38,"column":38}},"loc":{"start":{"line":38,"column":56},"end":{"line":40,"column":1}},"line":38},"4":{"name":"(anonymous_4)","decl":{"start":{"line":43,"column":33},"end":{"line":43,"column":34}},"loc":{"start":{"line":43,"column":44},"end":{"line":59,"column":1}},"line":43}},"branchMap":{"0":{"loc":{"start":{"line":22,"column":1},"end":{"line":22,"column":49}},"type":"if","locations":[{"start":{"line":22,"column":1},"end":{"line":22,"column":49}},{"start":{},"end":{}}],"line":22},"1":{"loc":{"start":{"line":26,"column":2},"end":{"line":26,"column":28}},"type":"if","locations":[{"start":{"line":26,"column":2},"end":{"line":26,"column":28}},{"start":{},"end":{}}],"line":26},"2":{"loc":{"start":{"line":29,"column":3},"end":{"line":29,"column":29}},"type":"if","locations":[{"start":{"line":29,"column":3},"end":{"line":29,"column":29}},{"start":{},"end":{}}],"line":29}},"s":{"0":1,"1":1,"2":1,"3":1,"4":1,"5":1,"6":1,"7":1,"8":0,"9":0,"10":0,"11":0,"12":0,"13":0,"14":0,"15":0,"16":0,"17":0,"18":0,"19":1,"20":0,"21":1,"22":0,"23":0,"24":0,"25":0,"26":0,"27":1,"28":1},"f":{"0":0,"1":0,"2":0,"3":0,"4":0},"b":{"0":[0,0],"1":[0,0],"2":[0,0]},"_coverageSchema":"1a1c01bbd47fc00a2c39e90264f33305004495a9","hash":"34d7eb70e39e81b68c1a16ca7c056681ec0bd12e"}
,"/Users/vince/Desktop/ Glovo 1/backend/src/security/jwt.js": {"path":"/Users/vince/Desktop/ Glovo 1/backend/src/security/jwt.js","statementMap":{"0":{"start":{"line":1,"column":12},"end":{"line":1,"column":35}},"1":{"start":{"line":2,"column":18},"end":{"line":2,"column":40}},"2":{"start":{"line":4,"column":22},"end":{"line":28,"column":3}},"3":{"start":{"line":7,"column":4},"end":{"line":7,"column":28}},"4":{"start":{"line":8,"column":23},"end":{"line":8,"column":51}},"5":{"start":{"line":9,"column":4},"end":{"line":9,"column":89}},"6":{"start":{"line":9,"column":21},"end":{"line":9,"column":89}},"7":{"start":{"line":10,"column":18},"end":{"line":10,"column":42}},"8":{"start":{"line":12,"column":4},"end":{"line":12,"column":69}},"9":{"start":{"line":12,"column":16},"end":{"line":12,"column":69}},"10":{"start":{"line":16,"column":4},"end":{"line":22,"column":5}},"11":{"start":{"line":18,"column":6},"end":{"line":18,"column":50}},"12":{"start":{"line":21,"column":6},"end":{"line":21,"column":59}},"13":{"start":{"line":25,"column":4},"end":{"line":25,"column":34}},"14":{"start":{"line":26,"column":4},"end":{"line":26,"column":30}},"15":{"start":{"line":27,"column":4},"end":{"line":27,"column":11}},"16":{"start":{"line":32,"column":0},"end":{"line":34,"column":1}}},"fnMap":{"0":{"name":"(anonymous_0)","decl":{"start":{"line":4,"column":22},"end":{"line":4,"column":23}},"loc":{"start":{"line":4,"column":42},"end":{"line":28,"column":3}},"line":4}},"branchMap":{"0":{"loc":{"start":{"line":9,"column":4},"end":{"line":9,"column":89}},"type":"if","locations":[{"start":{"line":9,"column":4},"end":{"line":9,"column":89}},{"start":{},"end":{}}],"line":9},"1":{"loc":{"start":{"line":12,"column":4},"end":{"line":12,"column":69}},"type":"if","locations":[{"start":{"line":12,"column":4},"end":{"line":12,"column":69}},{"start":{},"end":{}}],"line":12}},"s":{"0":1,"1":1,"2":1,"3":0,"4":0,"5":0,"6":0,"7":0,"8":0,"9":0,"10":0,"11":0,"12":0,"13":0,"14":0,"15":0,"16":1},"f":{"0":0},"b":{"0":[0,0],"1":[0,0]},"_coverageSchema":"1a1c01bbd47fc00a2c39e90264f33305004495a9","hash":"0b2c2b88d2a79de828a16ebcd99340f135d7b2a9"}
}
